[LOG] System::create                           : Header version = 2.00.07. Current version = 2.00.07.
[LOG] Manager::init                            : maxchannels = 256 studioflags = 00000006 flags 00000000 extradriverdata 0000000000000000.
[LOG] SystemI::init                            : Initialize version=20007 (107206), maxchannels=256, flags=0x00020000
[LOG] SystemI::setOutputInternal               : Setting output to 'FMOD WASAPI Output'
[LOG] OutputWASAPI::init                       : Mix Format (WAVEFORMATEX): wFormatTag=0xFFFE, nChannels=2, nSamplesPerSec=44100, nAvgBytesPerSec=352800, nBlockAlign=8, wBitsPerSample=32, cbSize=22.
[LOG] OutputWASAPI::init                       : Mix Format (WAVEFORMATEXTENSIBLE): wValidBitsPerSample=32, dwChannelMask=0x00000003, SubFormat=00000003-0000-0010-8000-00AA00389B71.
[LOG] OutputWASAPI::init                       : Output buffer size: 3760 samples, latency: 0.00ms, period: 10.00ms, DSP buffer: 1024 * 4
[WRN] SystemI::init                            : Output requires a sample rate of 44100Hz, resampling will occur.
[LOG] Thread::initThread                       : Init FMOD stream thread. Priority: 2, Stack Size: 98304, Semaphore: No, Sleep Time: 10, Looping: Yes.
[LOG] Thread::initThread                       : Init FMOD mixer thread. Priority: 3, Stack Size: 81920, Semaphore: No, Sleep Time: 0, Looping: Yes.
[LOG] AsyncManager::init                       : manager 00000165A76ACF28 isAsync 0 updatePeriod 0.02
[LOG] AsyncManager::init                       : done
[LOG] PlaybackSystem::init                     : 
[LOG] Thread::initThread                       : Init FMOD Studio sample load thread. Priority: 0, Stack Size: 98304, Semaphore: No, Sleep Time: 1, Looping: No.
[LOG] PlaybackSystem::init                     : done
[LOG] Thread::initThread                       : Init FMOD Studio bank load thread. Priority: 0, Stack Size: 98304, Semaphore: No, Sleep Time: 1, Looping: No.
[LOG] Manager::init                            : done.
[LOG] Manager::readBank                        : fileversion = 125, compatVersion = 119 (oldest = 44, newest = 125)
[LOG] Manager::readBank                        : fileversion = 125, compatVersion = 119 (oldest = 44, newest = 125)
[LOG] Manager::readBank                        : fileversion = 125, compatVersion = 119 (oldest = 44, newest = 125)
[LOG] PlaybackSystem::acquireMasterBus         : Setting master channel group format to 3
[LOG] Manager::readBank                        : fileversion = 125, compatVersion = 119 (oldest = 44, newest = 125)
[LOG] Manager::readBank                        : fileversion = 125, compatVersion = 119 (oldest = 44, newest = 125)
[LOG] Manager::readBank                        : fileversion = 125, compatVersion = 119 (oldest = 44, newest = 125)
[LOG] SystemI::createSound                     : filename = FMOD Projectpath\Regression FMOD\Build\Desktop/SFX.bank : mode 02010082
[LOG] SystemI::createSound                     : FMOD_NONBLOCKING specified.  Putting into queue to be opened asynchronously!
[LOG] Thread::initThread                       : Init FMOD nonblocking thread (0). Priority: 1, Stack Size: 114688, Semaphore: Yes, Sleep Time: 0, Looping: Yes.
[LOG] SystemI::createSound                     : setdata soundi = 00000165ACED97C8 : node = 00000165B1C1BCF0
[LOG] SystemI::createSound                     : add node to async list : head = 000001659E0DB3C8.  list count = 0
[LOG] AsyncThread::threadFunc                  : Starting Asynchronous operation on sound 00000165ACED97C8
[LOG] SystemI::createSoundInternal             :     Create name='FMOD Projectpath\Regression FMOD\Build\Desktop/SFX.bank', mode=0x02010082
[LOG] SystemI::createSoundInternal             :     exinfo->cbsize             = 224
[LOG] SystemI::createSoundInternal             :     exinfo->length             = 4353280
[LOG] SystemI::createSoundInternal             :     exinfo->fileoffset         = 8576
[LOG] SystemI::createSoundInternal             :     exinfo->numsubsounds       = 1
[LOG] SystemI::createSoundInternal             :     exinfo->inclusionlist      = 00000165B1C1BE00
[LOG] SystemI::createSoundInternal             :     exinfo->inclusionlistnum   = 1
[LOG] SystemI::createSoundInternal             :     exinfo->suggestedsoundtype = 5
[LOG] SystemI::createSoundInternal             :     exinfo->initialseekpostype = 1
[LOG] SystemI::createSoundInternal             :     Stream 0/1: name='Regression Fåglar start', format=2, channels=2, frequency=48000, lengthbytes=331328, lengthpcm=960000, pcmblocksize=0, loopstart=0, loopend=0, mode=0x00000000, channelmask=0x00000000, channelorder=0, peakvolume=0.252542.
[LOG] Thread::initThread                       :     Init FMOD file thread. Priority: 1, Stack Size: 49152, Semaphore: No, Sleep Time: 10, Looping: Yes.
[LOG] AsyncThread::threadFunc                  : Finished Asynchronous operation on sound 00000165ACED97C8
[LOG] SystemI::createSound                     : filename = FMOD Projectpath\Regression FMOD\Build\Desktop/Musik.bank : mode 02010082
[LOG] SystemI::createSound                     : FMOD_NONBLOCKING specified.  Putting into queue to be opened asynchronously!
[LOG] SystemI::createSound                     : setdata soundi = 00000165ACED7E78 : node = 00000165B1C1B7F0
[LOG] SystemI::createSound                     : add node to async list : head = 000001659E0DB3C8.  list count = 0
[LOG] AsyncThread::threadFunc                  : Starting Asynchronous operation on sound 00000165ACED7E78
[LOG] SystemI::createSound                     : filename = FMOD Projectpath\Regression FMOD\Build\Desktop/Musik.bank : mode 02010082
[LOG] SystemI::createSoundInternal             :     Create name='FMOD Projectpath\Regression FMOD\Build\Desktop/Musik.bank', mode=0x02010082
[LOG] SystemI::createSound                     :     FMOD_NONBLOCKING specified.  Putting into queue to be opened asynchronously!
[LOG] SystemI::createSoundInternal             :     exinfo->cbsize             = 224
[LOG] SystemI::createSoundInternal             :     exinfo->length             = 16324224
[LOG] SystemI::createSound                     :     setdata soundi = 00000165ACED8BF8 : node = 00000165B1C1C0B0
[LOG] SystemI::createSoundInternal             :     exinfo->fileoffset         = 73440
[LOG] SystemI::createSound                     :     add node to async list : head = 000001659E0DB3C8.  list count = 0
[LOG] SystemI::createSoundInternal             :     exinfo->numsubsounds       = 1
[LOG] SystemI::createSoundInternal             :     exinfo->inclusionlist      = 00000165B1C1B900
[LOG] SystemI::createSoundInternal             :     exinfo->inclusionlistnum   = 1
[LOG] SystemI::createSound                     :     filename = FMOD Projectpath\Regression FMOD\Build\Desktop/Musik.bank : mode 02010082
[LOG] SystemI::createSoundInternal             :     exinfo->suggestedsoundtype = 5
[LOG] SystemI::createSound                     :     FMOD_NONBLOCKING specified.  Putting into queue to be opened asynchronously!
[LOG] SystemI::createSoundInternal             :     exinfo->initialseekpostype = 1
[LOG] SystemI::createSound                     :     setdata soundi = 00000165ACED81D8 : node = 00000165B1C1C1F0
[LOG] SystemI::createSound                     :     add node to async list : head = 000001659E0DB3C8.  list count = 1
[LOG] SystemI::createSound                     :     filename = FMOD Projectpath\Regression FMOD\Build\Desktop/Musik.bank : mode 02010082
[LOG] SystemI::createSound                     :     FMOD_NONBLOCKING specified.  Putting into queue to be opened asynchronously!
[LOG] SystemI::createSound                     :     setdata soundi = 00000165ACED8F58 : node = 00000165B1C1B930
[LOG] SystemI::createSound                     :     add node to async list : head = 000001659E0DB3C8.  list count = 2
[LOG] SoundI::getSubSound                      :     sound 00000165ACED97C8.  Subsound index 0 / 1
[LOG] SystemI::createSoundInternal             :     Stream 0/1: name='Peaceful Playground Wurl stem (57bpm)', format=2, channels=2, frequency=48000, lengthbytes=1618144, lengthpcm=10307368, pcmblocksize=0, loopstart=0, loopend=0, mode=0x00000000, channelmask=0x00000000, channelorder=0, peakvolume=0.153983.
[LOG] AsyncThread::threadFunc                  : Finished Asynchronous operation on sound 00000165ACED7E78
[LOG] AsyncThread::threadFunc                  : Starting Asynchronous operation on sound 00000165ACED8BF8
[LOG] SystemI::createSoundInternal             :     Create name='FMOD Projectpath\Regression FMOD\Build\Desktop/Musik.bank', mode=0x02010082
[LOG] SystemI::createSoundInternal             :     exinfo->cbsize             = 224
[LOG] SystemI::createSoundInternal             :     exinfo->length             = 16324224
[LOG] SystemI::createSoundInternal             :     exinfo->fileoffset         = 73440
[LOG] SystemI::createSoundInternal             :     exinfo->numsubsounds       = 1
[LOG] SystemI::createSoundInternal             :     exinfo->inclusionlist      = 00000165B1C1C1C0
[LOG] SystemI::createSoundInternal             :     exinfo->inclusionlistnum   = 1
[LOG] SystemI::createSoundInternal             :     exinfo->suggestedsoundtype = 5
[LOG] SystemI::createSoundInternal             :     exinfo->initialseekpostype = 1
[LOG] SystemI::createSoundInternal             :     Stream 0/1: name='Peaceful Playground Bell stem (57bpm)', format=2, channels=2, frequency=48000, lengthbytes=895968, lengthpcm=10307368, pcmblocksize=0, loopstart=0, loopend=0, mode=0x00000000, channelmask=0x00000000, channelorder=0, peakvolume=0.166476.
[LOG] AsyncThread::threadFunc                  : Finished Asynchronous operation on sound 00000165ACED8BF8
[LOG] AsyncThread::threadFunc                  : Starting Asynchronous operation on sound 00000165ACED81D8
[LOG] SystemI::createSoundInternal             :     Create name='FMOD Projectpath\Regression FMOD\Build\Desktop/Musik.bank', mode=0x02010082
[LOG] SystemI::createSoundInternal             :     exinfo->cbsize             = 224
[LOG] SystemI::createSoundInternal             :     exinfo->length             = 16324224
[LOG] SystemI::createSoundInternal             :     exinfo->fileoffset         = 73440
[LOG] SystemI::createSoundInternal             :     exinfo->numsubsounds       = 1
[LOG] SystemI::createSoundInternal             :     exinfo->inclusionlist      = 00000165B1C1C300
[LOG] SystemI::createSoundInternal             :     exinfo->inclusionlistnum   = 1
[LOG] SystemI::createSoundInternal             :     exinfo->suggestedsoundtype = 5
[LOG] SystemI::createSoundInternal             :     exinfo->initialseekpostype = 1
[LOG] SystemI::createSoundInternal             :     Stream 0/1: name='Peaceful Playground Piano stem (57bpm)', format=2, channels=2, frequency=48000, lengthbytes=2151520, lengthpcm=10307368, pcmblocksize=0, loopstart=0, loopend=0, mode=0x00000000, channelmask=0x00000000, channelorder=0, peakvolume=0.037838.
[LOG] AsyncThread::threadFunc                  : Finished Asynchronous operation on sound 00000165ACED81D8
[LOG] AsyncThread::threadFunc                  : Starting Asynchronous operation on sound 00000165ACED8F58
[LOG] SystemI::createSoundInternal             :     Create name='FMOD Projectpath\Regression FMOD\Build\Desktop/Musik.bank', mode=0x02010082
[LOG] SystemI::createSoundInternal             :     exinfo->cbsize             = 224
[LOG] SystemI::createSoundInternal             :     exinfo->length             = 16324224
[LOG] SystemI::createSoundInternal             :     exinfo->fileoffset         = 73440
[LOG] SystemI::createSoundInternal             :     exinfo->numsubsounds       = 1
[LOG] SystemI::createSoundInternal             :     exinfo->inclusionlist      = 00000165B1C1BA40
[LOG] SystemI::createSoundInternal             :     exinfo->inclusionlistnum   = 1
[LOG] SystemI::createSoundInternal             :     exinfo->suggestedsoundtype = 5
[LOG] SystemI::createSoundInternal             :     exinfo->initialseekpostype = 1
[LOG] SystemI::createSoundInternal             :     Stream 0/1: name='Peaceful Playground Piano diskant stem (57bpm)', format=2, channels=2, frequency=48000, lengthbytes=2455392, lengthpcm=10307368, pcmblocksize=0, loopstart=0, loopend=0, mode=0x00000000, channelmask=0x00000000, channelorder=0, peakvolume=0.047473.
[LOG] AsyncThread::threadFunc                  : Finished Asynchronous operation on sound 00000165ACED8F58
[LOG] SoundI::getSubSound                      : sound 00000165ACED7E78.  Subsound index 0 / 1
[LOG] SoundI::getSubSound                      : sound 00000165ACED8BF8.  Subsound index 0 / 1
[LOG] SoundI::getSubSound                      : sound 00000165ACED81D8.  Subsound index 0 / 1
[LOG] SoundI::getSubSound                      : sound 00000165ACED8F58.  Subsound index 0 / 1
[LOG] SystemI::createSound                     : filename = FMOD Projectpath\Regression FMOD\Build\Desktop/SFX.bank : mode 02010082
[LOG] SystemI::createSound                     : FMOD_NONBLOCKING specified.  Putting into queue to be opened asynchronously!
[LOG] SystemI::createSound                     : setdata soundi = 00000165B1A888A8 : node = 00000165B1A7A1F0
[LOG] SystemI::createSound                     : add node to async list : head = 000001659E0DB3C8.  list count = 0
[LOG] AsyncThread::threadFunc                  : Starting Asynchronous operation on sound 00000165B1A888A8
[LOG] SystemI::createSoundInternal             :     Create name='FMOD Projectpath\Regression FMOD\Build\Desktop/SFX.bank', mode=0x02010082
[LOG] SystemI::createSoundInternal             :     exinfo->cbsize             = 224
[LOG] SystemI::createSoundInternal             :     exinfo->length             = 4353280
[LOG] SystemI::createSoundInternal             :     exinfo->fileoffset         = 8576
[LOG] SystemI::createSoundInternal             :     exinfo->numsubsounds       = 1
[LOG] SystemI::createSoundInternal             :     exinfo->inclusionlist      = 00000165B1A7A300
[LOG] SystemI::createSoundInternal             :     exinfo->inclusionlistnum   = 1
[LOG] SystemI::createSoundInternal             :     exinfo->suggestedsoundtype = 5
[LOG] SystemI::createSoundInternal             :     exinfo->initialseekpostype = 1
[LOG] SystemI::createSoundInternal             :     Stream 0/1: name='Regression Fåglar loop', format=2, channels=2, frequency=48000, lengthbytes=2684992, lengthpcm=7680000, pcmblocksize=0, loopstart=0, loopend=0, mode=0x00000000, channelmask=0x00000000, channelorder=0, peakvolume=0.212660.
[LOG] AsyncThread::threadFunc                  : Finished Asynchronous operation on sound 00000165B1A888A8
[LOG] SoundI::getSubSound                      : sound 00000165B1A888A8.  Subsound index 0 / 1
[LOG] SoundI::release                          : Regression Fåglar start (00000165ACED97C8)
[LOG] SoundI::release                          :     Regression Fåglar start (000001659E0DCAD8)
[LOG] SoundI::release                          :     Regression Fåglar start (00000165ACED8A48)
[LOG] SystemI::createSound                     : filename = FMOD Projectpath\Regression FMOD\Build\Desktop/SFX.bank : mode 02010082
[LOG] SystemI::createSound                     : FMOD_NONBLOCKING specified.  Putting into queue to be opened asynchronously!
[LOG] SystemI::createSound                     : setdata soundi = 00000165B1A89628 : node = 00000165B1A7A830
[LOG] SystemI::createSound                     : add node to async list : head = 000001659E0DB3C8.  list count = 0
[LOG] AsyncThread::threadFunc                  : Starting Asynchronous operation on sound 00000165B1A89628
[LOG] SystemI::createSoundInternal             :     Create name='FMOD Projectpath\Regression FMOD\Build\Desktop/SFX.bank', mode=0x02010082
[LOG] SystemI::createSoundInternal             :     exinfo->cbsize             = 224
[LOG] SystemI::createSoundInternal             :     exinfo->length             = 4353280
[LOG] SystemI::createSoundInternal             :     exinfo->fileoffset         = 8576
[LOG] SystemI::createSoundInternal             :     exinfo->numsubsounds       = 1
[LOG] SystemI::createSoundInternal             :     exinfo->inclusionlist      = 00000165B1A7A940
[LOG] SystemI::createSoundInternal             :     exinfo->inclusionlistnum   = 1
[LOG] SystemI::createSoundInternal             :     exinfo->suggestedsoundtype = 5
[LOG] SystemI::createSoundInternal             :     exinfo->initialseekpostype = 1
[LOG] SystemI::createSoundInternal             :     Stream 0/1: name='Regression Skratt 12', format=2, channels=2, frequency=48000, lengthbytes=111296, lengthpcm=480244, pcmblocksize=0, loopstart=0, loopend=0, mode=0x00000000, channelmask=0x00000000, channelorder=0, peakvolume=0.288906.
[LOG] AsyncThread::threadFunc                  : Finished Asynchronous operation on sound 00000165B1A89628
[LOG] SoundI::getSubSound                      : sound 00000165B1A89628.  Subsound index 0 / 1
[LOG] SystemI::createSoundInternal             : Create name='', mode=0x02000202
[LOG] SystemI::createSoundInternal             : exinfo->cbsize             = 224
[LOG] SystemI::createSoundInternal             : exinfo->length             = 1011104
[LOG] SystemI::createSoundInternal             : exinfo->fileoffset         = 31232
[LOG] SystemI::createSoundInternal             : exinfo->numsubsounds       = 1
[LOG] SystemI::createSoundInternal             : exinfo->inclusionlist      = 0000000CD79FF14C
[LOG] SystemI::createSoundInternal             : exinfo->inclusionlistnum   = 1
[LOG] SystemI::createSoundInternal             : exinfo->suggestedsoundtype = 5
[LOG] SystemI::createSoundInternal             : exinfo->useropen           = 00007FF901458630
[LOG] SystemI::createSoundInternal             : exinfo->userclose          = 00007FF901458600
[LOG] SystemI::createSoundInternal             : exinfo->userread           = 00007FF901458700
[LOG] SystemI::createSoundInternal             : exinfo->userseek           = 00007FF9014587C0
[LOG] SystemI::createSoundInternal             : exinfo->fileuserdata       = 00000165A7222C18
[LOG] SystemI::createSoundInternal             : exinfo->initialseekpostype = 1
[LOG] SystemI::DSPCodecPoolRegister            : register codec pool for pool type 5
[LOG] SystemI::createSoundInternal             : Sample 0/1: name='Sandfotsteg 2 - SP1.ogg', format=2, channels=2, frequency=48000, lengthbytes=3296, lengthpcm=11769, pcmblocksize=0, loopstart=0, loopend=0, mode=0x00000000, channelmask=0x00000000, channelorder=0, peakvolume=0.017334.
[LOG] SystemI::createSoundInternal             : Create name='', mode=0x02000202
[LOG] SystemI::createSoundInternal             : exinfo->cbsize             = 224
[LOG] SystemI::createSoundInternal             : exinfo->length             = 1011104
[LOG] SystemI::createSoundInternal             : exinfo->fileoffset         = 31232
[LOG] SystemI::createSoundInternal             : exinfo->numsubsounds       = 1
[LOG] SystemI::createSoundInternal             : exinfo->inclusionlist      = 0000000CD79FF14C
[LOG] SystemI::createSoundInternal             : exinfo->inclusionlistnum   = 1
[LOG] SystemI::createSoundInternal             : exinfo->suggestedsoundtype = 5
[LOG] SystemI::createSoundInternal             : exinfo->useropen           = 00007FF901458630
[LOG] SystemI::createSoundInternal             : exinfo->userclose          = 00007FF901458600
[LOG] SystemI::createSoundInternal             : exinfo->userread           = 00007FF901458700
[LOG] SystemI::createSoundInternal             : exinfo->userseek           = 00007FF9014587C0
[LOG] SystemI::createSoundInternal             : exinfo->fileuserdata       = 00000165A7222C18
[LOG] SystemI::createSoundInternal             : exinfo->initialseekpostype = 1
[LOG] SystemI::DSPCodecPoolRegister            : register codec pool for pool type 5
[LOG] SystemI::createSoundInternal             : Sample 0/1: name='Sandfotsteg 3 - SP1.ogg', format=2, channels=2, frequency=48000, lengthbytes=3296, lengthpcm=11769, pcmblocksize=0, loopstart=0, loopend=0, mode=0x00000000, channelmask=0x00000000, channelorder=0, peakvolume=0.017761.
[LOG] SoundI::release                          : Regression Skratt 12 (00000165B1A89628)
[LOG] SoundI::release                          :     Regression Skratt 12 (00000165FEC7ABD8)
[LOG] SoundI::release                          :     Regression Skratt 12 (00000165B1A88A58)
[LOG] SystemI::createSound                     : filename = FMOD Projectpath\Regression FMOD\Build\Desktop/SFX.bank : mode 02010082
[LOG] SystemI::createSound                     : FMOD_NONBLOCKING specified.  Putting into queue to be opened asynchronously!
[LOG] SystemI::createSound                     : setdata soundi = 00000165ACED8A48 : node = 00000165B1A7A6F0
[LOG] SystemI::createSound                     : add node to async list : head = 000001659E0DB3C8.  list count = 0
[LOG] AsyncThread::threadFunc                  : Starting Asynchronous operation on sound 00000165ACED8A48
[LOG] SystemI::createSoundInternal             :     Create name='FMOD Projectpath\Regression FMOD\Build\Desktop/SFX.bank', mode=0x02010082
[LOG] SystemI::createSoundInternal             :     exinfo->cbsize             = 224
[LOG] SystemI::createSoundInternal             :     exinfo->length             = 4353280
[LOG] SystemI::createSoundInternal             :     exinfo->fileoffset         = 8576
[LOG] SystemI::createSoundInternal             :     exinfo->numsubsounds       = 1
[LOG] SystemI::createSoundInternal             :     exinfo->inclusionlist      = 00000165B1A7A800
[LOG] SystemI::createSoundInternal             :     exinfo->inclusionlistnum   = 1
[LOG] SystemI::createSoundInternal             :     exinfo->suggestedsoundtype = 5
[LOG] SystemI::createSoundInternal             :     exinfo->initialseekpostype = 1
[LOG] SystemI::createSoundInternal             :     Stream 0/1: name='Regression Skratt 8', format=2, channels=2, frequency=48000, lengthbytes=84160, lengthpcm=480244, pcmblocksize=0, loopstart=0, loopend=0, mode=0x00000000, channelmask=0x00000000, channelorder=0, peakvolume=0.206043.
[LOG] AsyncThread::threadFunc                  : Finished Asynchronous operation on sound 00000165ACED8A48
[LOG] SoundI::getSubSound                      : sound 00000165ACED8A48.  Subsound index 0 / 1
[LOG] SoundI::release                          : Regression Skratt 8 (00000165ACED8A48)
[LOG] SoundI::release                          :     Regression Skratt 8 (000001658113D0F8)
[LOG] SoundI::release                          :     Regression Skratt 8 (00000165ACED97C8)
[LOG] SystemI::createSound                     : filename = FMOD Projectpath\Regression FMOD\Build\Desktop/SFX.bank : mode 02010082
[LOG] SystemI::createSound                     : FMOD_NONBLOCKING specified.  Putting into queue to be opened asynchronously!
[LOG] SystemI::createSound                     : setdata soundi = 00000165ACED97C8 : node = 00000165B1A7B730
[LOG] SystemI::createSound                     : add node to async list : head = 000001659E0DB3C8.  list count = 0
[LOG] AsyncThread::threadFunc                  : Starting Asynchronous operation on sound 00000165ACED97C8
[LOG] SystemI::createSoundInternal             :     Create name='FMOD Projectpath\Regression FMOD\Build\Desktop/SFX.bank', mode=0x02010082
[LOG] SystemI::createSoundInternal             :     exinfo->cbsize             = 224
[LOG] SystemI::createSoundInternal             :     exinfo->length             = 4353280
[LOG] SystemI::createSoundInternal             :     exinfo->fileoffset         = 8576
[LOG] SystemI::createSoundInternal             :     exinfo->numsubsounds       = 1
[LOG] SystemI::createSoundInternal             :     exinfo->inclusionlist      = 00000165B1A7B840
[LOG] SystemI::createSoundInternal             :     exinfo->inclusionlistnum   = 1
[LOG] SystemI::createSoundInternal             :     exinfo->suggestedsoundtype = 5
[LOG] SystemI::createSoundInternal             :     exinfo->initialseekpostype = 1
[LOG] SystemI::createSoundInternal             :     Stream 0/1: name='Regression Skratt 10', format=2, channels=2, frequency=48000, lengthbytes=100128, lengthpcm=480244, pcmblocksize=0, loopstart=0, loopend=0, mode=0x00000000, channelmask=0x00000000, channelorder=0, peakvolume=0.302760.
[LOG] AsyncThread::threadFunc                  : Finished Asynchronous operation on sound 00000165ACED97C8
[LOG] SoundI::getSubSound                      : sound 00000165ACED97C8.  Subsound index 0 / 1
[LOG] SoundI::release                          : Regression Skratt 10 (00000165ACED97C8)
[LOG] SoundI::release                          :     Regression Skratt 10 (00000165AC819588)
[LOG] SoundI::release                          :     Regression Skratt 10 (00000165B1A88F68)
[LOG] SystemI::createSound                     : filename = FMOD Projectpath\Regression FMOD\Build\Desktop/SFX.bank : mode 02010082
[LOG] SystemI::createSound                     : FMOD_NONBLOCKING specified.  Putting into queue to be opened asynchronously!
[LOG] SystemI::createSound                     : setdata soundi = 00000165B1A88F68 : node = 00000165B1A7A0B0
[LOG] SystemI::createSound                     : add node to async list : head = 000001659E0DB3C8.  list count = 0
[LOG] AsyncThread::threadFunc                  : Starting Asynchronous operation on sound 00000165B1A88F68
[LOG] SystemI::createSoundInternal             :     Create name='FMOD Projectpath\Regression FMOD\Build\Desktop/SFX.bank', mode=0x02010082
[LOG] SystemI::createSoundInternal             :     exinfo->cbsize             = 224
[LOG] SystemI::createSoundInternal             :     exinfo->length             = 4353280
[LOG] SystemI::createSoundInternal             :     exinfo->fileoffset         = 8576
[LOG] SystemI::createSoundInternal             :     exinfo->numsubsounds       = 1
[LOG] SystemI::createSoundInternal             :     exinfo->inclusionlist      = 00000165B1A7A1C0
[LOG] SystemI::createSoundInternal             :     exinfo->inclusionlistnum   = 1
[LOG] SystemI::createSoundInternal             :     exinfo->suggestedsoundtype = 5
[LOG] SystemI::createSoundInternal             :     exinfo->initialseekpostype = 1
[LOG] SystemI::createSoundInternal             :     Stream 0/1: name='Regression Skratt 9', format=2, channels=2, frequency=48000, lengthbytes=65952, lengthpcm=480244, pcmblocksize=0, loopstart=0, loopend=0, mode=0x00000000, channelmask=0x00000000, channelorder=0, peakvolume=0.292014.
[LOG] AsyncThread::threadFunc                  : Finished Asynchronous operation on sound 00000165B1A88F68
[LOG] SoundI::getSubSound                      : sound 00000165B1A88F68.  Subsound index 0 / 1
[LOG] SoundI::release                          : Regression Skratt 9 (00000165B1A88F68)
[LOG] SoundI::release                          :     Regression Skratt 9 (00000165FEC7B598)
[LOG] SoundI::release                          :     Regression Skratt 9 (00000165ACED97C8)
[LOG] SystemI::createSound                     : filename = FMOD Projectpath\Regression FMOD\Build\Desktop/SFX.bank : mode 02010082
[LOG] SystemI::createSound                     : FMOD_NONBLOCKING specified.  Putting into queue to be opened asynchronously!
[LOG] SystemI::createSound                     : setdata soundi = 00000165B7B4F6B8 : node = 00000165B1A7B370
[LOG] SystemI::createSound                     : add node to async list : head = 000001659E0DB3C8.  list count = 0
[LOG] AsyncThread::threadFunc                  : Starting Asynchronous operation on sound 00000165B7B4F6B8
[LOG] SystemI::createSoundInternal             :     Create name='FMOD Projectpath\Regression FMOD\Build\Desktop/SFX.bank', mode=0x02010082
[LOG] SystemI::createSoundInternal             :     exinfo->cbsize             = 224
[LOG] SystemI::createSoundInternal             :     exinfo->length             = 4353280
[LOG] SystemI::createSoundInternal             :     exinfo->fileoffset         = 8576
[LOG] SystemI::createSoundInternal             :     exinfo->numsubsounds       = 1
[LOG] SystemI::createSoundInternal             :     exinfo->inclusionlist      = 00000165B1A7B480
[LOG] SystemI::createSoundInternal             :     exinfo->inclusionlistnum   = 1
[LOG] SystemI::createSoundInternal             :     exinfo->suggestedsoundtype = 5
[LOG] SystemI::createSoundInternal             :     exinfo->initialseekpostype = 1
[LOG] SystemI::createSoundInternal             :     Stream 0/1: name='Regression Skratt 11', format=2, channels=2, frequency=48000, lengthbytes=89120, lengthpcm=480244, pcmblocksize=0, loopstart=0, loopend=0, mode=0x00000000, channelmask=0x00000000, channelorder=0, peakvolume=0.398709.
[LOG] AsyncThread::threadFunc                  : Finished Asynchronous operation on sound 00000165B7B4F6B8
[LOG] SoundI::getSubSound                      : sound 00000165B7B4F6B8.  Subsound index 0 / 1
[LOG] SystemI::createSound                     : filename = FMOD Projectpath\Regression FMOD\Build\Desktop/Musik.bank : mode 02010082
[LOG] SystemI::createSound                     : FMOD_NONBLOCKING specified.  Putting into queue to be opened asynchronously!
[LOG] SystemI::createSound                     : setdata soundi = 00000165B7B4F868 : node = 00000165B1A7A0B0
[LOG] SystemI::createSound                     : add node to async list : head = 000001659E0DB3C8.  list count = 0
[LOG] AsyncThread::threadFunc                  : Starting Asynchronous operation on sound 00000165B7B4F868
[LOG] SystemI::createSound                     : filename = FMOD Projectpath\Regression FMOD\Build\Desktop/Musik.bank : mode 02010082
[LOG] SystemI::createSoundInternal             :     Create name='FMOD Projectpath\Regression FMOD\Build\Desktop/Musik.bank', mode=0x02010082
[LOG] SystemI::createSound                     :     FMOD_NONBLOCKING specified.  Putting into queue to be opened asynchronously!
[LOG] SystemI::createSoundInternal             :     exinfo->cbsize             = 224
[LOG] SystemI::createSoundInternal             :     exinfo->length             = 16324224
[LOG] SystemI::createSound                     :     setdata soundi = 00000165B7B50AF8 : node = 00000165B1A7A970
[LOG] SystemI::createSoundInternal             :     exinfo->fileoffset         = 73440
[LOG] SystemI::createSound                     :     add node to async list : head = 000001659E0DB3C8.  list count = 0
[LOG] SystemI::createSoundInternal             :     exinfo->numsubsounds       = 1
[LOG] SystemI::createSoundInternal             :     exinfo->inclusionlist      = 00000165B1A7A1C0
[LOG] SystemI::createSoundInternal             :     exinfo->inclusionlistnum   = 1
[LOG] SystemI::createSound                     :     filename = FMOD Projectpath\Regression FMOD\Build\Desktop/Musik.bank : mode 02010082
[LOG] SystemI::createSoundInternal             :     exinfo->suggestedsoundtype = 5
[LOG] SystemI::createSound                     :     FMOD_NONBLOCKING specified.  Putting into queue to be opened asynchronously!
[LOG] SystemI::createSoundInternal             :     exinfo->initialseekposition = 103157
[LOG] SystemI::createSoundInternal             :     exinfo->initialseekpostype = 1
[LOG] SystemI::createSound                     :     setdata soundi = 00000165B7B4FA18 : node = 00000165B1A7A5B0
[LOG] SystemI::createSound                     :     add node to async list : head = 000001659E0DB3C8.  list count = 1
[LOG] SystemI::createSound                     :     filename = FMOD Projectpath\Regression FMOD\Build\Desktop/Musik.bank : mode 02010082
[LOG] SystemI::createSound                     :     FMOD_NONBLOCKING specified.  Putting into queue to be opened asynchronously!
[LOG] SystemI::createSound                     :     setdata soundi = 00000165B7B4FBC8 : node = 00000165B1A7A6F0
[LOG] SystemI::createSound                     :     add node to async list : head = 000001659E0DB3C8.  list count = 2
[LOG] SystemI::createSoundInternal             :     Stream 0/1: name='Peaceful Playground Wurl stem (57bpm)', format=2, channels=2, frequency=48000, lengthbytes=1618144, lengthpcm=10307368, pcmblocksize=0, loopstart=0, loopend=0, mode=0x00000000, channelmask=0x00000000, channelorder=0, peakvolume=0.153983.
[LOG] AsyncThread::threadFunc                  : Finished Asynchronous operation on sound 00000165B7B4F868
[LOG] AsyncThread::threadFunc                  : Starting Asynchronous operation on sound 00000165B7B50AF8
[LOG] SystemI::createSoundInternal             :     Create name='FMOD Projectpath\Regression FMOD\Build\Desktop/Musik.bank', mode=0x02010082
[LOG] SystemI::createSoundInternal             :     exinfo->cbsize             = 224
[LOG] SystemI::createSoundInternal             :     exinfo->length             = 16324224
[LOG] SystemI::createSoundInternal             :     exinfo->fileoffset         = 73440
[LOG] SystemI::createSoundInternal             :     exinfo->numsubsounds       = 1
[LOG] SystemI::createSoundInternal             :     exinfo->inclusionlist      = 00000165B1A7AA80
[LOG] SystemI::createSoundInternal             :     exinfo->inclusionlistnum   = 1
[LOG] SystemI::createSoundInternal             :     exinfo->suggestedsoundtype = 5
[LOG] SystemI::createSoundInternal             :     exinfo->initialseekposition = 103157
[LOG] SystemI::createSoundInternal             :     exinfo->initialseekpostype = 1
[LOG] SystemI::createSoundInternal             :     Stream 0/1: name='Peaceful Playground Bell stem (57bpm)', format=2, channels=2, frequency=48000, lengthbytes=895968, lengthpcm=10307368, pcmblocksize=0, loopstart=0, loopend=0, mode=0x00000000, channelmask=0x00000000, channelorder=0, peakvolume=0.166476.
[LOG] AsyncThread::threadFunc                  : Finished Asynchronous operation on sound 00000165B7B50AF8
[LOG] AsyncThread::threadFunc                  : Starting Asynchronous operation on sound 00000165B7B4FA18
[LOG] SystemI::createSoundInternal             :     Create name='FMOD Projectpath\Regression FMOD\Build\Desktop/Musik.bank', mode=0x02010082
[LOG] SystemI::createSoundInternal             :     exinfo->cbsize             = 224
[LOG] SystemI::createSoundInternal             :     exinfo->length             = 16324224
[LOG] SystemI::createSoundInternal             :     exinfo->fileoffset         = 73440
[LOG] SystemI::createSoundInternal             :     exinfo->numsubsounds       = 1
[LOG] SystemI::createSoundInternal             :     exinfo->inclusionlist      = 00000165B1A7A6C0
[LOG] SystemI::createSoundInternal             :     exinfo->inclusionlistnum   = 1
[LOG] SystemI::createSoundInternal             :     exinfo->suggestedsoundtype = 5
[LOG] SystemI::createSoundInternal             :     exinfo->initialseekposition = 103157
[LOG] SystemI::createSoundInternal             :     exinfo->initialseekpostype = 1
[LOG] SystemI::createSoundInternal             :     Stream 0/1: name='Peaceful Playground Piano stem (57bpm)', format=2, channels=2, frequency=48000, lengthbytes=2151520, lengthpcm=10307368, pcmblocksize=0, loopstart=0, loopend=0, mode=0x00000000, channelmask=0x00000000, channelorder=0, peakvolume=0.037838.
[LOG] AsyncThread::threadFunc                  : Finished Asynchronous operation on sound 00000165B7B4FA18
[LOG] AsyncThread::threadFunc                  : Starting Asynchronous operation on sound 00000165B7B4FBC8
[LOG] SystemI::createSoundInternal             :     Create name='FMOD Projectpath\Regression FMOD\Build\Desktop/Musik.bank', mode=0x02010082
[LOG] SystemI::createSoundInternal             :     exinfo->cbsize             = 224
[LOG] SystemI::createSoundInternal             :     exinfo->length             = 16324224
[LOG] SystemI::createSoundInternal             :     exinfo->fileoffset         = 73440
[LOG] SystemI::createSoundInternal             :     exinfo->numsubsounds       = 1
[LOG] SystemI::createSoundInternal             :     exinfo->inclusionlist      = 00000165B1A7A800
[LOG] SystemI::createSoundInternal             :     exinfo->inclusionlistnum   = 1
[LOG] SystemI::createSoundInternal             :     exinfo->suggestedsoundtype = 5
[LOG] SystemI::createSoundInternal             :     exinfo->initialseekposition = 103157
[LOG] SystemI::createSoundInternal             :     exinfo->initialseekpostype = 1
[LOG] SystemI::createSoundInternal             :     Stream 0/1: name='Peaceful Playground Piano diskant stem (57bpm)', format=2, channels=2, frequency=48000, lengthbytes=2455392, lengthpcm=10307368, pcmblocksize=0, loopstart=0, loopend=0, mode=0x00000000, channelmask=0x00000000, channelorder=0, peakvolume=0.047473.
[LOG] AsyncThread::threadFunc                  : Finished Asynchronous operation on sound 00000165B7B4FBC8
[LOG] SoundI::getSubSound                      : sound 00000165B7B4F868.  Subsound index 0 / 1
[LOG] SoundI::getSubSound                      : sound 00000165B7B50AF8.  Subsound index 0 / 1
[LOG] SoundI::getSubSound                      : sound 00000165B7B4FA18.  Subsound index 0 / 1
[LOG] SoundI::getSubSound                      : sound 00000165B7B4FBC8.  Subsound index 0 / 1
[LOG] SoundI::release                          : Peaceful Playground Piano diskant stem (57bpm) (00000165ACED8F58)
[LOG] SoundI::release                          :     Peaceful Playground Piano diskant stem (57bpm) (00000165A71B7638)
[LOG] SoundI::release                          :     Peaceful Playground Piano diskant stem (57bpm) (00000165ACED8538)
[LOG] SoundI::release                          : Peaceful Playground Piano stem (57bpm) (00000165ACED81D8)
[LOG] SoundI::release                          :     Peaceful Playground Piano stem (57bpm) (00000165A71B4718)
[LOG] SoundI::release                          :     Peaceful Playground Piano stem (57bpm) (00000165ACED9468)
[LOG] SoundI::release                          : Peaceful Playground Bell stem (57bpm) (00000165ACED8BF8)
[LOG] SoundI::release                          :     Peaceful Playground Bell stem (57bpm) (00000165A71B65F8)
[LOG] SoundI::release                          :     Peaceful Playground Bell stem (57bpm) (00000165ACED8388)
[LOG] SoundI::release                          : Peaceful Playground Wurl stem (57bpm) (00000165ACED7E78)
[LOG] SoundI::release                          :     Peaceful Playground Wurl stem (57bpm) (00000165A71B4D98)
[LOG] SoundI::release                          :     Peaceful Playground Wurl stem (57bpm) (00000165ACED9108)
[LOG] SoundI::release                          : Regression Skratt 11 (00000165B7B4F6B8)
[LOG] SoundI::release                          :     Regression Skratt 11 (00000165A71B77D8)
[LOG] SoundI::release                          :     Regression Skratt 11 (00000165B7B50948)
[LOG] SystemI::createSound                     : filename = FMOD Projectpath\Regression FMOD\Build\Desktop/SFX.bank : mode 02010082
[LOG] SystemI::createSound                     : FMOD_NONBLOCKING specified.  Putting into queue to be opened asynchronously!
[LOG] SystemI::createSound                     : setdata soundi = 00000165B7B505E8 : node = 00000165B1C1BCF0
[LOG] SystemI::createSound                     : add node to async list : head = 000001659E0DB3C8.  list count = 0
[LOG] AsyncThread::threadFunc                  : Starting Asynchronous operation on sound 00000165B7B505E8
[LOG] SystemI::createSoundInternal             :     Create name='FMOD Projectpath\Regression FMOD\Build\Desktop/SFX.bank', mode=0x02010082
[LOG] SystemI::createSoundInternal             :     exinfo->cbsize             = 224
[LOG] SystemI::createSoundInternal             :     exinfo->length             = 4353280
[LOG] SystemI::createSoundInternal             :     exinfo->fileoffset         = 8576
[LOG] SystemI::createSoundInternal             :     exinfo->numsubsounds       = 1
[LOG] SystemI::createSoundInternal             :     exinfo->inclusionlist      = 00000165B1C1BE00
[LOG] SystemI::createSoundInternal             :     exinfo->inclusionlistnum   = 1
[LOG] SystemI::createSoundInternal             :     exinfo->suggestedsoundtype = 5
[LOG] SystemI::createSoundInternal             :     exinfo->initialseekpostype = 1
[LOG] SystemI::createSoundInternal             :     Stream 0/1: name='Regression Skratt 2', format=2, channels=2, frequency=48000, lengthbytes=65280, lengthpcm=480244, pcmblocksize=0, loopstart=0, loopend=0, mode=0x00000000, channelmask=0x00000000, channelorder=0, peakvolume=0.250663.
[LOG] AsyncThread::threadFunc                  : Finished Asynchronous operation on sound 00000165B7B505E8
[LOG] SoundI::getSubSound                      : sound 00000165B7B505E8.  Subsound index 0 / 1
[LOG] SoundI::release                          :  (00000165B7C5E418)
[LOG] SoundI::release                          :     Sandfotsteg 3 - SP1.ogg (00000165A70A1598)
[LOG] SoundI::release                          :  (00000165B7C5DE58)
[LOG] SoundI::release                          :     Sandfotsteg 2 - SP1.ogg (00000165A70A0898)
[LOG] SoundI::release                          :  (00000165B17ADA68)
[LOG] SoundI::release                          :     Regression Underwaterloop (000001658113E2D8)
[LOG] SoundI::release                          : Regression Skratt 2 (00000165B7B505E8)
[LOG] SoundI::release                          :     Regression Skratt 2 (00000165A71B7638)
[LOG] SoundI::release                          :     Regression Skratt 2 (00000165B7B50438)
[LOG] SoundI::release                          : Regression Fåglar loop (00000165B1A888A8)
[LOG] SoundI::release                          :     Regression Fåglar loop (00000165FEC7B258)
[LOG] SoundI::release                          :     Regression Fåglar loop (00000165B1A89118)
[LOG] SoundI::release                          : Peaceful Playground Piano diskant stem (57bpm) (00000165B7B4FBC8)
[LOG] SoundI::release                          :     Peaceful Playground Piano diskant stem (57bpm) (000001658113D298)
[LOG] SoundI::release                          :     Peaceful Playground Piano diskant stem (57bpm) (00000165B7B4FD78)
[LOG] SoundI::release                          : Peaceful Playground Piano stem (57bpm) (00000165B7B4FA18)
[LOG] SoundI::release                          :     Peaceful Playground Piano stem (57bpm) (000001658113D0F8)
[LOG] SoundI::release                          :     Peaceful Playground Piano stem (57bpm) (00000165B7B4F1A8)
[LOG] SoundI::release                          : Peaceful Playground Bell stem (57bpm) (00000165B7B50AF8)
[LOG] SoundI::release                          :     Peaceful Playground Bell stem (57bpm) (00000165A71B5C38)
[LOG] SoundI::release                          :     Peaceful Playground Bell stem (57bpm) (00000165B7B4EE48)
[LOG] SoundI::release                          : Peaceful Playground Wurl stem (57bpm) (00000165B7B4F868)
[LOG] SoundI::release                          :     Peaceful Playground Wurl stem (57bpm) (00000165A71B4238)
[LOG] SoundI::release                          :     Peaceful Playground Wurl stem (57bpm) (00000165B7B4EFF8)
[LOG] SoundI::release                          :  (00000165B17AC648)
[LOG] SoundI::release                          :     Regression Splash 1 (000001658113CA78)
[LOG] Thread::callback                         : FMOD Studio update thread finished.
[LOG] Thread::callback                         : FMOD Studio bank load thread finished.
[LOG] Profile::disconnectAll                   : Profiler disconnecting all clients
[LOG] Thread::callback                         : FMOD Studio sample load thread finished.
[LOG] LiveUpdate::release                      : 
[LOG] LiveUpdate::reset                        : Reset connection (reason Disconnected)
[LOG] Thread::callback                         : FMOD stream thread finished.
[LOG] Thread::callback                         : FMOD mixer thread finished.
[LOG] Profile::disconnectAll                   : Profiler disconnecting all clients
[LOG] SystemI::close                           : Closed.
[LOG] Thread::callback                         : FMOD Studio bank load thread finished.
[LOG] Thread::callback                         : FMOD Studio sample load thread finished.
[LOG] LiveUpdate::release                      : 
[LOG] LiveUpdate::reset                        : Reset connection (reason Disconnected)
[LOG] Thread::callback                         : FMOD stream thread finished.
[LOG] Thread::callback                         : FMOD mixer thread finished.
[LOG] Thread::callback                         : FMOD nonblocking thread (0) finished.
[LOG] Thread::callback                         : FMOD file thread finished.
[LOG] SystemI::close                           : Closed.
